{
  "stats": {
    "suites": 1,
    "tests": 20,
    "passes": 13,
    "pending": 0,
    "failures": 7,
    "start": "2026-06-18T04:50:22.981Z",
    "end": "2026-06-18T04:50:35.758Z",
    "duration": 12777
  },
  "tests": [
    {
      "title": "1. should load the app and display the main page",
      "fullTitle": "End-to-End Test for the App (20 Test Cases) 1. should load the app and display the main page",
      "file": "C:\\Users\\amirt\\Downloads\\roadassist-os (1)\\tests\\e2e\\app.test.ts",
      "duration": 605,
      "currentRetry": 0,
      "speed": "slow",
      "err": {}
    },
    {
      "title": "2. should display the RoadAssist OS header",
      "fullTitle": "End-to-End Test for the App (20 Test Cases) 2. should display the RoadAssist OS header",
      "file": "C:\\Users\\amirt\\Downloads\\roadassist-os (1)\\tests\\e2e\\app.test.ts",
      "duration": 12,
      "currentRetry": 0,
      "speed": "fast",
      "err": {}
    },
    {
      "title": "3. should contain the Login Module by default",
      "fullTitle": "End-to-End Test for the App (20 Test Cases) 3. should contain the Login Module by default",
      "file": "C:\\Users\\amirt\\Downloads\\roadassist-os (1)\\tests\\e2e\\app.test.ts",
      "duration": 8,
      "currentRetry": 0,
      "speed": "fast",
      "err": {}
    },
    {
      "title": "4. should have an input for Email",
      "fullTitle": "End-to-End Test for the App (20 Test Cases) 4. should have an input for Email",
      "file": "C:\\Users\\amirt\\Downloads\\roadassist-os (1)\\tests\\e2e\\app.test.ts",
      "duration": 9,
      "currentRetry": 0,
      "speed": "fast",
      "err": {}
    },
    {
      "title": "5. should have an input for Password",
      "fullTitle": "End-to-End Test for the App (20 Test Cases) 5. should have an input for Password",
      "file": "C:\\Users\\amirt\\Downloads\\roadassist-os (1)\\tests\\e2e\\app.test.ts",
      "duration": 8,
      "currentRetry": 0,
      "speed": "fast",
      "err": {}
    },
    {
      "title": "6. should have Role selection buttons",
      "fullTitle": "End-to-End Test for the App (20 Test Cases) 6. should have Role selection buttons",
      "file": "C:\\Users\\amirt\\Downloads\\roadassist-os (1)\\tests\\e2e\\app.test.ts",
      "duration": 9,
      "currentRetry": 0,
      "speed": "fast",
      "err": {}
    },
    {
      "title": "7. should have an Secure Authenticate login button",
      "fullTitle": "End-to-End Test for the App (20 Test Cases) 7. should have an Secure Authenticate login button",
      "file": "C:\\Users\\amirt\\Downloads\\roadassist-os (1)\\tests\\e2e\\app.test.ts",
      "duration": 7,
      "currentRetry": 0,
      "speed": "fast",
      "err": {}
    },
    {
      "title": "8. should have an About Research Project link in header",
      "fullTitle": "End-to-End Test for the App (20 Test Cases) 8. should have an About Research Project link in header",
      "file": "C:\\Users\\amirt\\Downloads\\roadassist-os (1)\\tests\\e2e\\app.test.ts",
      "duration": 11,
      "currentRetry": 0,
      "speed": "fast",
      "err": {}
    },
    {
      "title": "9. should login as a Customer successfully",
      "fullTitle": "End-to-End Test for the App (20 Test Cases) 9. should login as a Customer successfully",
      "file": "C:\\Users\\amirt\\Downloads\\roadassist-os (1)\\tests\\e2e\\app.test.ts",
      "duration": 482,
      "currentRetry": 0,
      "speed": "slow",
      "err": {}
    },
    {
      "title": "10. should display the active user name greeting",
      "fullTitle": "End-to-End Test for the App (20 Test Cases) 10. should display the active user name greeting",
      "file": "C:\\Users\\amirt\\Downloads\\roadassist-os (1)\\tests\\e2e\\app.test.ts",
      "duration": 11,
      "currentRetry": 0,
      "speed": "fast",
      "err": {}
    },
    {
      "title": "11. should display Average ETA metric",
      "fullTitle": "End-to-End Test for the App (20 Test Cases) 11. should display Average ETA metric",
      "file": "C:\\Users\\amirt\\Downloads\\roadassist-os (1)\\tests\\e2e\\app.test.ts",
      "duration": 9,
      "currentRetry": 0,
      "speed": "fast",
      "err": {}
    },
    {
      "title": "12. should display distress SOS trigger button",
      "fullTitle": "End-to-End Test for the App (20 Test Cases) 12. should display distress SOS trigger button",
      "file": "C:\\Users\\amirt\\Downloads\\roadassist-os (1)\\tests\\e2e\\app.test.ts",
      "duration": 10,
      "currentRetry": 0,
      "speed": "fast",
      "err": {}
    },
    {
      "title": "13. should logout and return to login screen",
      "fullTitle": "End-to-End Test for the App (20 Test Cases) 13. should logout and return to login screen",
      "file": "C:\\Users\\amirt\\Downloads\\roadassist-os (1)\\tests\\e2e\\app.test.ts",
      "duration": 95,
      "currentRetry": 0,
      "speed": "slow",
      "err": {}
    },
    {
      "title": "14. should login as a Mechanic successfully",
      "fullTitle": "End-to-End Test for the App (20 Test Cases) 14. should login as a Mechanic successfully",
      "file": "C:\\Users\\amirt\\Downloads\\roadassist-os (1)\\tests\\e2e\\app.test.ts",
      "duration": 5339,
      "currentRetry": 0,
      "err": {
        "stack": "TimeoutError: Waiting for element to be located By(xpath, //h3[contains(text(), 'Technician Fleet Link')])\nWait timed out after 5027ms\n    at C:\\Users\\amirt\\Downloads\\roadassist-os (1)\\node_modules\\selenium-webdriver\\lib\\webdriver.js:929:22\n    at process.processTicksAndRejections (node:internal/process/task_queues:105:5)",
        "message": "Waiting for element to be located By(xpath, //h3[contains(text(), 'Technician Fleet Link')])\nWait timed out after 5027ms",
        "name": "TimeoutError",
        "remoteStacktrace": ""
      }
    },
    {
      "title": "15. should display Connected Dispatch Stream header",
      "fullTitle": "End-to-End Test for the App (20 Test Cases) 15. should display Connected Dispatch Stream header",
      "file": "C:\\Users\\amirt\\Downloads\\roadassist-os (1)\\tests\\e2e\\app.test.ts",
      "duration": 19,
      "currentRetry": 0,
      "err": {
        "stack": "NoSuchElementError: no such element: Unable to locate element: {\"method\":\"xpath\",\"selector\":\"//h2[contains(text(), 'Connected Dispatch Stream')]\"}\n  (Session info: chrome=149.0.7827.103)\n    at Object.throwDecodedError (node_modules\\selenium-webdriver\\lib\\error.js:523:15)\n    at parseHttpResponse (node_modules\\selenium-webdriver\\lib\\http.js:526:13)\n    at Executor.execute (node_modules\\selenium-webdriver\\lib\\http.js:458:28)\n    at process.processTicksAndRejections (node:internal/process/task_queues:105:5)\n    at async Driver.execute (node_modules\\selenium-webdriver\\lib\\webdriver.js:745:17)\n    at async Context.<anonymous> (tests\\e2e\\app.test.ts:122:20)",
        "message": "no such element: Unable to locate element: {\"method\":\"xpath\",\"selector\":\"//h2[contains(text(), 'Connected Dispatch Stream')]\"}\n  (Session info: chrome=149.0.7827.103)",
        "name": "NoSuchElementError",
        "remoteStacktrace": "\tchromedriver!GetHandleVerifier [0x7ff7c14f3fa5+14925]\n\tchromedriver!GetHandleVerifier [0x7ff7c14f4000+14980]\n\tchromedriver!(No symbol) [0x7ff7c103793d]\n\tchromedriver!(No symbol) [0x7ff7c1091aad]\n\tchromedriver!(No symbol) [0x7ff7c1091dac]\n\tchromedriver!(No symbol) [0x7ff7c10e27d7]\n\tchromedriver!(No symbol) [0x7ff7c10df39b]\n\tchromedriver!(No symbol) [0x7ff7c108401c]\n\tchromedriver!(No symbol) [0x7ff7c1084f43]\n\tchromedriver!GetHandleVerifier [0x7ff7c1ad7591+5f7f11]\n\tchromedriver!GetHandleVerifier [0x7ff7c1ad1902+5f2282]\n\tchromedriver!GetHandleVerifier [0x7ff7c1af7115+617a95]\n\tchromedriver!GetHandleVerifier [0x7ff7c1511dce+3274e]\n\tchromedriver!GetHandleVerifier [0x7ff7c151a82c+3b1ac]\n\tchromedriver!GetHandleVerifier [0x7ff7c14fd744+1e0c4]\n\tchromedriver!GetHandleVerifier [0x7ff7c14fd8d4+1e254]\n\tchromedriver!GetHandleVerifier [0x7ff7c14e1447+1dc7]\n\tKERNEL32!BaseThreadInitThunk [0x7ffd81fbe957+17]\n\tntdll!RtlUserThreadStart [0x7ffd82bc427c+2c]\n"
      }
    },
    {
      "title": "16. should display Ready for Dispatch radio state",
      "fullTitle": "End-to-End Test for the App (20 Test Cases) 16. should display Ready for Dispatch radio state",
      "file": "C:\\Users\\amirt\\Downloads\\roadassist-os (1)\\tests\\e2e\\app.test.ts",
      "duration": 22,
      "currentRetry": 0,
      "err": {
        "stack": "NoSuchElementError: no such element: Unable to locate element: {\"method\":\"xpath\",\"selector\":\"//span[contains(text(), 'Ready for Dispatch')]\"}\n  (Session info: chrome=149.0.7827.103)\n    at Object.throwDecodedError (node_modules\\selenium-webdriver\\lib\\error.js:523:15)\n    at parseHttpResponse (node_modules\\selenium-webdriver\\lib\\http.js:526:13)\n    at Executor.execute (node_modules\\selenium-webdriver\\lib\\http.js:458:28)\n    at process.processTicksAndRejections (node:internal/process/task_queues:105:5)\n    at async Driver.execute (node_modules\\selenium-webdriver\\lib\\webdriver.js:745:17)\n    at async Context.<anonymous> (tests\\e2e\\app.test.ts:127:19)",
        "message": "no such element: Unable to locate element: {\"method\":\"xpath\",\"selector\":\"//span[contains(text(), 'Ready for Dispatch')]\"}\n  (Session info: chrome=149.0.7827.103)",
        "name": "NoSuchElementError",
        "remoteStacktrace": "\tchromedriver!GetHandleVerifier [0x7ff7c14f3fa5+14925]\n\tchromedriver!GetHandleVerifier [0x7ff7c14f4000+14980]\n\tchromedriver!(No symbol) [0x7ff7c103793d]\n\tchromedriver!(No symbol) [0x7ff7c1091aad]\n\tchromedriver!(No symbol) [0x7ff7c1091dac]\n\tchromedriver!(No symbol) [0x7ff7c10e27d7]\n\tchromedriver!(No symbol) [0x7ff7c10df39b]\n\tchromedriver!(No symbol) [0x7ff7c108401c]\n\tchromedriver!(No symbol) [0x7ff7c1084f43]\n\tchromedriver!GetHandleVerifier [0x7ff7c1ad7591+5f7f11]\n\tchromedriver!GetHandleVerifier [0x7ff7c1ad1902+5f2282]\n\tchromedriver!GetHandleVerifier [0x7ff7c1af7115+617a95]\n\tchromedriver!GetHandleVerifier [0x7ff7c1511dce+3274e]\n\tchromedriver!GetHandleVerifier [0x7ff7c151a82c+3b1ac]\n\tchromedriver!GetHandleVerifier [0x7ff7c14fd744+1e0c4]\n\tchromedriver!GetHandleVerifier [0x7ff7c14fd8d4+1e254]\n\tchromedriver!GetHandleVerifier [0x7ff7c14e1447+1dc7]\n\tKERNEL32!BaseThreadInitThunk [0x7ffd81fbe957+17]\n\tntdll!RtlUserThreadStart [0x7ffd82bc427c+2c]\n"
      }
    },
    {
      "title": "17. should logout from mechanic portal",
      "fullTitle": "End-to-End Test for the App (20 Test Cases) 17. should logout from mechanic portal",
      "file": "C:\\Users\\amirt\\Downloads\\roadassist-os (1)\\tests\\e2e\\app.test.ts",
      "duration": 13,
      "currentRetry": 0,
      "err": {
        "stack": "NoSuchElementError: no such element: Unable to locate element: {\"method\":\"css selector\",\"selector\":\"button[title=\"Sign Out Session\"]\"}\n  (Session info: chrome=149.0.7827.103)\n    at Object.throwDecodedError (node_modules\\selenium-webdriver\\lib\\error.js:523:15)\n    at parseHttpResponse (node_modules\\selenium-webdriver\\lib\\http.js:526:13)\n    at Executor.execute (node_modules\\selenium-webdriver\\lib\\http.js:458:28)\n    at process.processTicksAndRejections (node:internal/process/task_queues:105:5)\n    at async Driver.execute (node_modules\\selenium-webdriver\\lib\\webdriver.js:745:17)\n    at async toWireValue (node_modules\\selenium-webdriver\\lib\\webdriver.js:149:15)\n    at async C:\\Users\\amirt\\Downloads\\roadassist-os (1)\\node_modules\\selenium-webdriver\\lib\\webdriver.js:195:16\n    at async forEachKey (node_modules\\selenium-webdriver\\lib\\webdriver.js:189:9)\n    at async convertKeys (node_modules\\selenium-webdriver\\lib\\webdriver.js:194:3)\n    at async Driver.execute (node_modules\\selenium-webdriver\\lib\\webdriver.js:743:22)\n    at async Context.<anonymous> (tests\\e2e\\app.test.ts:134:5)",
        "message": "no such element: Unable to locate element: {\"method\":\"css selector\",\"selector\":\"button[title=\"Sign Out Session\"]\"}\n  (Session info: chrome=149.0.7827.103)",
        "name": "NoSuchElementError",
        "remoteStacktrace": "\tchromedriver!GetHandleVerifier [0x7ff7c14f3fa5+14925]\n\tchromedriver!GetHandleVerifier [0x7ff7c14f4000+14980]\n\tchromedriver!(No symbol) [0x7ff7c103793d]\n\tchromedriver!(No symbol) [0x7ff7c1091aad]\n\tchromedriver!(No symbol) [0x7ff7c1091dac]\n\tchromedriver!(No symbol) [0x7ff7c10e27d7]\n\tchromedriver!(No symbol) [0x7ff7c10df39b]\n\tchromedriver!(No symbol) [0x7ff7c108401c]\n\tchromedriver!(No symbol) [0x7ff7c1084f43]\n\tchromedriver!GetHandleVerifier [0x7ff7c1ad7591+5f7f11]\n\tchromedriver!GetHandleVerifier [0x7ff7c1ad1902+5f2282]\n\tchromedriver!GetHandleVerifier [0x7ff7c1af7115+617a95]\n\tchromedriver!GetHandleVerifier [0x7ff7c1511dce+3274e]\n\tchromedriver!GetHandleVerifier [0x7ff7c151a82c+3b1ac]\n\tchromedriver!GetHandleVerifier [0x7ff7c14fd744+1e0c4]\n\tchromedriver!GetHandleVerifier [0x7ff7c14fd8d4+1e254]\n\tchromedriver!GetHandleVerifier [0x7ff7c14e1447+1dc7]\n\tKERNEL32!BaseThreadInitThunk [0x7ffd81fbe957+17]\n\tntdll!RtlUserThreadStart [0x7ffd82bc427c+2c]\n"
      }
    },
    {
      "title": "18. should login as an Admin successfully",
      "fullTitle": "End-to-End Test for the App (20 Test Cases) 18. should login as an Admin successfully",
      "file": "C:\\Users\\amirt\\Downloads\\roadassist-os (1)\\tests\\e2e\\app.test.ts",
      "duration": 5284,
      "currentRetry": 0,
      "err": {
        "stack": "TimeoutError: Waiting for element to be located By(xpath, //h3[contains(text(), 'Master Control Admin')])\nWait timed out after 5039ms\n    at C:\\Users\\amirt\\Downloads\\roadassist-os (1)\\node_modules\\selenium-webdriver\\lib\\webdriver.js:929:22\n    at process.processTicksAndRejections (node:internal/process/task_queues:105:5)",
        "message": "Waiting for element to be located By(xpath, //h3[contains(text(), 'Master Control Admin')])\nWait timed out after 5039ms",
        "name": "TimeoutError",
        "remoteStacktrace": ""
      }
    },
    {
      "title": "19. should display Assistance Performance header",
      "fullTitle": "End-to-End Test for the App (20 Test Cases) 19. should display Assistance Performance header",
      "file": "C:\\Users\\amirt\\Downloads\\roadassist-os (1)\\tests\\e2e\\app.test.ts",
      "duration": 9,
      "currentRetry": 0,
      "err": {
        "stack": "NoSuchElementError: no such element: Unable to locate element: {\"method\":\"xpath\",\"selector\":\"//h2[contains(text(), 'Assistance Performance')]\"}\n  (Session info: chrome=149.0.7827.103)\n    at Object.throwDecodedError (node_modules\\selenium-webdriver\\lib\\error.js:523:15)\n    at parseHttpResponse (node_modules\\selenium-webdriver\\lib\\http.js:526:13)\n    at Executor.execute (node_modules\\selenium-webdriver\\lib\\http.js:458:28)\n    at process.processTicksAndRejections (node:internal/process/task_queues:105:5)\n    at async Driver.execute (node_modules\\selenium-webdriver\\lib\\webdriver.js:745:17)\n    at async Context.<anonymous> (tests\\e2e\\app.test.ts:151:19)",
        "message": "no such element: Unable to locate element: {\"method\":\"xpath\",\"selector\":\"//h2[contains(text(), 'Assistance Performance')]\"}\n  (Session info: chrome=149.0.7827.103)",
        "name": "NoSuchElementError",
        "remoteStacktrace": "\tchromedriver!GetHandleVerifier [0x7ff7c14f3fa5+14925]\n\tchromedriver!GetHandleVerifier [0x7ff7c14f4000+14980]\n\tchromedriver!(No symbol) [0x7ff7c103793d]\n\tchromedriver!(No symbol) [0x7ff7c1091aad]\n\tchromedriver!(No symbol) [0x7ff7c1091dac]\n\tchromedriver!(No symbol) [0x7ff7c10e27d7]\n\tchromedriver!(No symbol) [0x7ff7c10df39b]\n\tchromedriver!(No symbol) [0x7ff7c108401c]\n\tchromedriver!(No symbol) [0x7ff7c1084f43]\n\tchromedriver!GetHandleVerifier [0x7ff7c1ad7591+5f7f11]\n\tchromedriver!GetHandleVerifier [0x7ff7c1ad1902+5f2282]\n\tchromedriver!GetHandleVerifier [0x7ff7c1af7115+617a95]\n\tchromedriver!GetHandleVerifier [0x7ff7c1511dce+3274e]\n\tchromedriver!GetHandleVerifier [0x7ff7c151a82c+3b1ac]\n\tchromedriver!GetHandleVerifier [0x7ff7c14fd744+1e0c4]\n\tchromedriver!GetHandleVerifier [0x7ff7c14fd8d4+1e254]\n\tchromedriver!GetHandleVerifier [0x7ff7c14e1447+1dc7]\n\tKERNEL32!BaseThreadInitThunk [0x7ffd81fbe957+17]\n\tntdll!RtlUserThreadStart [0x7ffd82bc427c+2c]\n"
      }
    },
    {
      "title": "20. should display Active System Alert Register",
      "fullTitle": "End-to-End Test for the App (20 Test Cases) 20. should display Active System Alert Register",
      "file": "C:\\Users\\amirt\\Downloads\\roadassist-os (1)\\tests\\e2e\\app.test.ts",
      "duration": 9,
      "currentRetry": 0,
      "err": {
        "stack": "NoSuchElementError: no such element: Unable to locate element: {\"method\":\"xpath\",\"selector\":\"//h3[contains(text(), 'Active System Alert Register')]\"}\n  (Session info: chrome=149.0.7827.103)\n    at Object.throwDecodedError (node_modules\\selenium-webdriver\\lib\\error.js:523:15)\n    at parseHttpResponse (node_modules\\selenium-webdriver\\lib\\http.js:526:13)\n    at Executor.execute (node_modules\\selenium-webdriver\\lib\\http.js:458:28)\n    at process.processTicksAndRejections (node:internal/process/task_queues:105:5)\n    at async Driver.execute (node_modules\\selenium-webdriver\\lib\\webdriver.js:745:17)\n    at async Context.<anonymous> (tests\\e2e\\app.test.ts:156:18)",
        "message": "no such element: Unable to locate element: {\"method\":\"xpath\",\"selector\":\"//h3[contains(text(), 'Active System Alert Register')]\"}\n  (Session info: chrome=149.0.7827.103)",
        "name": "NoSuchElementError",
        "remoteStacktrace": "\tchromedriver!GetHandleVerifier [0x7ff7c14f3fa5+14925]\n\tchromedriver!GetHandleVerifier [0x7ff7c14f4000+14980]\n\tchromedriver!(No symbol) [0x7ff7c103793d]\n\tchromedriver!(No symbol) [0x7ff7c1091aad]\n\tchromedriver!(No symbol) [0x7ff7c1091dac]\n\tchromedriver!(No symbol) [0x7ff7c10e27d7]\n\tchromedriver!(No symbol) [0x7ff7c10df39b]\n\tchromedriver!(No symbol) [0x7ff7c108401c]\n\tchromedriver!(No symbol) [0x7ff7c1084f43]\n\tchromedriver!GetHandleVerifier [0x7ff7c1ad7591+5f7f11]\n\tchromedriver!GetHandleVerifier [0x7ff7c1ad1902+5f2282]\n\tchromedriver!GetHandleVerifier [0x7ff7c1af7115+617a95]\n\tchromedriver!GetHandleVerifier [0x7ff7c1511dce+3274e]\n\tchromedriver!GetHandleVerifier [0x7ff7c151a82c+3b1ac]\n\tchromedriver!GetHandleVerifier [0x7ff7c14fd744+1e0c4]\n\tchromedriver!GetHandleVerifier [0x7ff7c14fd8d4+1e254]\n\tchromedriver!GetHandleVerifier [0x7ff7c14e1447+1dc7]\n\tKERNEL32!BaseThreadInitThunk [0x7ffd81fbe957+17]\n\tntdll!RtlUserThreadStart [0x7ffd82bc427c+2c]\n"
      }
    }
  ],
  "pending": [],
  "failures": [
    {
      "title": "14. should login as a Mechanic successfully",
      "fullTitle": "End-to-End Test for the App (20 Test Cases) 14. should login as a Mechanic successfully",
      "file": "C:\\Users\\amirt\\Downloads\\roadassist-os (1)\\tests\\e2e\\app.test.ts",
      "duration": 5339,
      "currentRetry": 0,
      "err": {
        "stack": "TimeoutError: Waiting for element to be located By(xpath, //h3[contains(text(), 'Technician Fleet Link')])\nWait timed out after 5027ms\n    at C:\\Users\\amirt\\Downloads\\roadassist-os (1)\\node_modules\\selenium-webdriver\\lib\\webdriver.js:929:22\n    at process.processTicksAndRejections (node:internal/process/task_queues:105:5)",
        "message": "Waiting for element to be located By(xpath, //h3[contains(text(), 'Technician Fleet Link')])\nWait timed out after 5027ms",
        "name": "TimeoutError",
        "remoteStacktrace": ""
      }
    },
    {
      "title": "15. should display Connected Dispatch Stream header",
      "fullTitle": "End-to-End Test for the App (20 Test Cases) 15. should display Connected Dispatch Stream header",
      "file": "C:\\Users\\amirt\\Downloads\\roadassist-os (1)\\tests\\e2e\\app.test.ts",
      "duration": 19,
      "currentRetry": 0,
      "err": {
        "stack": "NoSuchElementError: no such element: Unable to locate element: {\"method\":\"xpath\",\"selector\":\"//h2[contains(text(), 'Connected Dispatch Stream')]\"}\n  (Session info: chrome=149.0.7827.103)\n    at Object.throwDecodedError (node_modules\\selenium-webdriver\\lib\\error.js:523:15)\n    at parseHttpResponse (node_modules\\selenium-webdriver\\lib\\http.js:526:13)\n    at Executor.execute (node_modules\\selenium-webdriver\\lib\\http.js:458:28)\n    at process.processTicksAndRejections (node:internal/process/task_queues:105:5)\n    at async Driver.execute (node_modules\\selenium-webdriver\\lib\\webdriver.js:745:17)\n    at async Context.<anonymous> (tests\\e2e\\app.test.ts:122:20)",
        "message": "no such element: Unable to locate element: {\"method\":\"xpath\",\"selector\":\"//h2[contains(text(), 'Connected Dispatch Stream')]\"}\n  (Session info: chrome=149.0.7827.103)",
        "name": "NoSuchElementError",
        "remoteStacktrace": "\tchromedriver!GetHandleVerifier [0x7ff7c14f3fa5+14925]\n\tchromedriver!GetHandleVerifier [0x7ff7c14f4000+14980]\n\tchromedriver!(No symbol) [0x7ff7c103793d]\n\tchromedriver!(No symbol) [0x7ff7c1091aad]\n\tchromedriver!(No symbol) [0x7ff7c1091dac]\n\tchromedriver!(No symbol) [0x7ff7c10e27d7]\n\tchromedriver!(No symbol) [0x7ff7c10df39b]\n\tchromedriver!(No symbol) [0x7ff7c108401c]\n\tchromedriver!(No symbol) [0x7ff7c1084f43]\n\tchromedriver!GetHandleVerifier [0x7ff7c1ad7591+5f7f11]\n\tchromedriver!GetHandleVerifier [0x7ff7c1ad1902+5f2282]\n\tchromedriver!GetHandleVerifier [0x7ff7c1af7115+617a95]\n\tchromedriver!GetHandleVerifier [0x7ff7c1511dce+3274e]\n\tchromedriver!GetHandleVerifier [0x7ff7c151a82c+3b1ac]\n\tchromedriver!GetHandleVerifier [0x7ff7c14fd744+1e0c4]\n\tchromedriver!GetHandleVerifier [0x7ff7c14fd8d4+1e254]\n\tchromedriver!GetHandleVerifier [0x7ff7c14e1447+1dc7]\n\tKERNEL32!BaseThreadInitThunk [0x7ffd81fbe957+17]\n\tntdll!RtlUserThreadStart [0x7ffd82bc427c+2c]\n"
      }
    },
    {
      "title": "16. should display Ready for Dispatch radio state",
      "fullTitle": "End-to-End Test for the App (20 Test Cases) 16. should display Ready for Dispatch radio state",
      "file": "C:\\Users\\amirt\\Downloads\\roadassist-os (1)\\tests\\e2e\\app.test.ts",
      "duration": 22,
      "currentRetry": 0,
      "err": {
        "stack": "NoSuchElementError: no such element: Unable to locate element: {\"method\":\"xpath\",\"selector\":\"//span[contains(text(), 'Ready for Dispatch')]\"}\n  (Session info: chrome=149.0.7827.103)\n    at Object.throwDecodedError (node_modules\\selenium-webdriver\\lib\\error.js:523:15)\n    at parseHttpResponse (node_modules\\selenium-webdriver\\lib\\http.js:526:13)\n    at Executor.execute (node_modules\\selenium-webdriver\\lib\\http.js:458:28)\n    at process.processTicksAndRejections (node:internal/process/task_queues:105:5)\n    at async Driver.execute (node_modules\\selenium-webdriver\\lib\\webdriver.js:745:17)\n    at async Context.<anonymous> (tests\\e2e\\app.test.ts:127:19)",
        "message": "no such element: Unable to locate element: {\"method\":\"xpath\",\"selector\":\"//span[contains(text(), 'Ready for Dispatch')]\"}\n  (Session info: chrome=149.0.7827.103)",
        "name": "NoSuchElementError",
        "remoteStacktrace": "\tchromedriver!GetHandleVerifier [0x7ff7c14f3fa5+14925]\n\tchromedriver!GetHandleVerifier [0x7ff7c14f4000+14980]\n\tchromedriver!(No symbol) [0x7ff7c103793d]\n\tchromedriver!(No symbol) [0x7ff7c1091aad]\n\tchromedriver!(No symbol) [0x7ff7c1091dac]\n\tchromedriver!(No symbol) [0x7ff7c10e27d7]\n\tchromedriver!(No symbol) [0x7ff7c10df39b]\n\tchromedriver!(No symbol) [0x7ff7c108401c]\n\tchromedriver!(No symbol) [0x7ff7c1084f43]\n\tchromedriver!GetHandleVerifier [0x7ff7c1ad7591+5f7f11]\n\tchromedriver!GetHandleVerifier [0x7ff7c1ad1902+5f2282]\n\tchromedriver!GetHandleVerifier [0x7ff7c1af7115+617a95]\n\tchromedriver!GetHandleVerifier [0x7ff7c1511dce+3274e]\n\tchromedriver!GetHandleVerifier [0x7ff7c151a82c+3b1ac]\n\tchromedriver!GetHandleVerifier [0x7ff7c14fd744+1e0c4]\n\tchromedriver!GetHandleVerifier [0x7ff7c14fd8d4+1e254]\n\tchromedriver!GetHandleVerifier [0x7ff7c14e1447+1dc7]\n\tKERNEL32!BaseThreadInitThunk [0x7ffd81fbe957+17]\n\tntdll!RtlUserThreadStart [0x7ffd82bc427c+2c]\n"
      }
    },
    {
      "title": "17. should logout from mechanic portal",
      "fullTitle": "End-to-End Test for the App (20 Test Cases) 17. should logout from mechanic portal",
      "file": "C:\\Users\\amirt\\Downloads\\roadassist-os (1)\\tests\\e2e\\app.test.ts",
      "duration": 13,
      "currentRetry": 0,
      "err": {
        "stack": "NoSuchElementError: no such element: Unable to locate element: {\"method\":\"css selector\",\"selector\":\"button[title=\"Sign Out Session\"]\"}\n  (Session info: chrome=149.0.7827.103)\n    at Object.throwDecodedError (node_modules\\selenium-webdriver\\lib\\error.js:523:15)\n    at parseHttpResponse (node_modules\\selenium-webdriver\\lib\\http.js:526:13)\n    at Executor.execute (node_modules\\selenium-webdriver\\lib\\http.js:458:28)\n    at process.processTicksAndRejections (node:internal/process/task_queues:105:5)\n    at async Driver.execute (node_modules\\selenium-webdriver\\lib\\webdriver.js:745:17)\n    at async toWireValue (node_modules\\selenium-webdriver\\lib\\webdriver.js:149:15)\n    at async C:\\Users\\amirt\\Downloads\\roadassist-os (1)\\node_modules\\selenium-webdriver\\lib\\webdriver.js:195:16\n    at async forEachKey (node_modules\\selenium-webdriver\\lib\\webdriver.js:189:9)\n    at async convertKeys (node_modules\\selenium-webdriver\\lib\\webdriver.js:194:3)\n    at async Driver.execute (node_modules\\selenium-webdriver\\lib\\webdriver.js:743:22)\n    at async Context.<anonymous> (tests\\e2e\\app.test.ts:134:5)",
        "message": "no such element: Unable to locate element: {\"method\":\"css selector\",\"selector\":\"button[title=\"Sign Out Session\"]\"}\n  (Session info: chrome=149.0.7827.103)",
        "name": "NoSuchElementError",
        "remoteStacktrace": "\tchromedriver!GetHandleVerifier [0x7ff7c14f3fa5+14925]\n\tchromedriver!GetHandleVerifier [0x7ff7c14f4000+14980]\n\tchromedriver!(No symbol) [0x7ff7c103793d]\n\tchromedriver!(No symbol) [0x7ff7c1091aad]\n\tchromedriver!(No symbol) [0x7ff7c1091dac]\n\tchromedriver!(No symbol) [0x7ff7c10e27d7]\n\tchromedriver!(No symbol) [0x7ff7c10df39b]\n\tchromedriver!(No symbol) [0x7ff7c108401c]\n\tchromedriver!(No symbol) [0x7ff7c1084f43]\n\tchromedriver!GetHandleVerifier [0x7ff7c1ad7591+5f7f11]\n\tchromedriver!GetHandleVerifier [0x7ff7c1ad1902+5f2282]\n\tchromedriver!GetHandleVerifier [0x7ff7c1af7115+617a95]\n\tchromedriver!GetHandleVerifier [0x7ff7c1511dce+3274e]\n\tchromedriver!GetHandleVerifier [0x7ff7c151a82c+3b1ac]\n\tchromedriver!GetHandleVerifier [0x7ff7c14fd744+1e0c4]\n\tchromedriver!GetHandleVerifier [0x7ff7c14fd8d4+1e254]\n\tchromedriver!GetHandleVerifier [0x7ff7c14e1447+1dc7]\n\tKERNEL32!BaseThreadInitThunk [0x7ffd81fbe957+17]\n\tntdll!RtlUserThreadStart [0x7ffd82bc427c+2c]\n"
      }
    },
    {
      "title": "18. should login as an Admin successfully",
      "fullTitle": "End-to-End Test for the App (20 Test Cases) 18. should login as an Admin successfully",
      "file": "C:\\Users\\amirt\\Downloads\\roadassist-os (1)\\tests\\e2e\\app.test.ts",
      "duration": 5284,
      "currentRetry": 0,
      "err": {
        "stack": "TimeoutError: Waiting for element to be located By(xpath, //h3[contains(text(), 'Master Control Admin')])\nWait timed out after 5039ms\n    at C:\\Users\\amirt\\Downloads\\roadassist-os (1)\\node_modules\\selenium-webdriver\\lib\\webdriver.js:929:22\n    at process.processTicksAndRejections (node:internal/process/task_queues:105:5)",
        "message": "Waiting for element to be located By(xpath, //h3[contains(text(), 'Master Control Admin')])\nWait timed out after 5039ms",
        "name": "TimeoutError",
        "remoteStacktrace": ""
      }
    },
    {
      "title": "19. should display Assistance Performance header",
      "fullTitle": "End-to-End Test for the App (20 Test Cases) 19. should display Assistance Performance header",
      "file": "C:\\Users\\amirt\\Downloads\\roadassist-os (1)\\tests\\e2e\\app.test.ts",
      "duration": 9,
      "currentRetry": 0,
      "err": {
        "stack": "NoSuchElementError: no such element: Unable to locate element: {\"method\":\"xpath\",\"selector\":\"//h2[contains(text(), 'Assistance Performance')]\"}\n  (Session info: chrome=149.0.7827.103)\n    at Object.throwDecodedError (node_modules\\selenium-webdriver\\lib\\error.js:523:15)\n    at parseHttpResponse (node_modules\\selenium-webdriver\\lib\\http.js:526:13)\n    at Executor.execute (node_modules\\selenium-webdriver\\lib\\http.js:458:28)\n    at process.processTicksAndRejections (node:internal/process/task_queues:105:5)\n    at async Driver.execute (node_modules\\selenium-webdriver\\lib\\webdriver.js:745:17)\n    at async Context.<anonymous> (tests\\e2e\\app.test.ts:151:19)",
        "message": "no such element: Unable to locate element: {\"method\":\"xpath\",\"selector\":\"//h2[contains(text(), 'Assistance Performance')]\"}\n  (Session info: chrome=149.0.7827.103)",
        "name": "NoSuchElementError",
        "remoteStacktrace": "\tchromedriver!GetHandleVerifier [0x7ff7c14f3fa5+14925]\n\tchromedriver!GetHandleVerifier [0x7ff7c14f4000+14980]\n\tchromedriver!(No symbol) [0x7ff7c103793d]\n\tchromedriver!(No symbol) [0x7ff7c1091aad]\n\tchromedriver!(No symbol) [0x7ff7c1091dac]\n\tchromedriver!(No symbol) [0x7ff7c10e27d7]\n\tchromedriver!(No symbol) [0x7ff7c10df39b]\n\tchromedriver!(No symbol) [0x7ff7c108401c]\n\tchromedriver!(No symbol) [0x7ff7c1084f43]\n\tchromedriver!GetHandleVerifier [0x7ff7c1ad7591+5f7f11]\n\tchromedriver!GetHandleVerifier [0x7ff7c1ad1902+5f2282]\n\tchromedriver!GetHandleVerifier [0x7ff7c1af7115+617a95]\n\tchromedriver!GetHandleVerifier [0x7ff7c1511dce+3274e]\n\tchromedriver!GetHandleVerifier [0x7ff7c151a82c+3b1ac]\n\tchromedriver!GetHandleVerifier [0x7ff7c14fd744+1e0c4]\n\tchromedriver!GetHandleVerifier [0x7ff7c14fd8d4+1e254]\n\tchromedriver!GetHandleVerifier [0x7ff7c14e1447+1dc7]\n\tKERNEL32!BaseThreadInitThunk [0x7ffd81fbe957+17]\n\tntdll!RtlUserThreadStart [0x7ffd82bc427c+2c]\n"
      }
    },
    {
      "title": "20. should display Active System Alert Register",
      "fullTitle": "End-to-End Test for the App (20 Test Cases) 20. should display Active System Alert Register",
      "file": "C:\\Users\\amirt\\Downloads\\roadassist-os (1)\\tests\\e2e\\app.test.ts",
      "duration": 9,
      "currentRetry": 0,
      "err": {
        "stack": "NoSuchElementError: no such element: Unable to locate element: {\"method\":\"xpath\",\"selector\":\"//h3[contains(text(), 'Active System Alert Register')]\"}\n  (Session info: chrome=149.0.7827.103)\n    at Object.throwDecodedError (node_modules\\selenium-webdriver\\lib\\error.js:523:15)\n    at parseHttpResponse (node_modules\\selenium-webdriver\\lib\\http.js:526:13)\n    at Executor.execute (node_modules\\selenium-webdriver\\lib\\http.js:458:28)\n    at process.processTicksAndRejections (node:internal/process/task_queues:105:5)\n    at async Driver.execute (node_modules\\selenium-webdriver\\lib\\webdriver.js:745:17)\n    at async Context.<anonymous> (tests\\e2e\\app.test.ts:156:18)",
        "message": "no such element: Unable to locate element: {\"method\":\"xpath\",\"selector\":\"//h3[contains(text(), 'Active System Alert Register')]\"}\n  (Session info: chrome=149.0.7827.103)",
        "name": "NoSuchElementError",
        "remoteStacktrace": "\tchromedriver!GetHandleVerifier [0x7ff7c14f3fa5+14925]\n\tchromedriver!GetHandleVerifier [0x7ff7c14f4000+14980]\n\tchromedriver!(No symbol) [0x7ff7c103793d]\n\tchromedriver!(No symbol) [0x7ff7c1091aad]\n\tchromedriver!(No symbol) [0x7ff7c1091dac]\n\tchromedriver!(No symbol) [0x7ff7c10e27d7]\n\tchromedriver!(No symbol) [0x7ff7c10df39b]\n\tchromedriver!(No symbol) [0x7ff7c108401c]\n\tchromedriver!(No symbol) [0x7ff7c1084f43]\n\tchromedriver!GetHandleVerifier [0x7ff7c1ad7591+5f7f11]\n\tchromedriver!GetHandleVerifier [0x7ff7c1ad1902+5f2282]\n\tchromedriver!GetHandleVerifier [0x7ff7c1af7115+617a95]\n\tchromedriver!GetHandleVerifier [0x7ff7c1511dce+3274e]\n\tchromedriver!GetHandleVerifier [0x7ff7c151a82c+3b1ac]\n\tchromedriver!GetHandleVerifier [0x7ff7c14fd744+1e0c4]\n\tchromedriver!GetHandleVerifier [0x7ff7c14fd8d4+1e254]\n\tchromedriver!GetHandleVerifier [0x7ff7c14e1447+1dc7]\n\tKERNEL32!BaseThreadInitThunk [0x7ffd81fbe957+17]\n\tntdll!RtlUserThreadStart [0x7ffd82bc427c+2c]\n"
      }
    }
  ],
  "passes": [
    {
      "title": "1. should load the app and display the main page",
      "fullTitle": "End-to-End Test for the App (20 Test Cases) 1. should load the app and display the main page",
      "file": "C:\\Users\\amirt\\Downloads\\roadassist-os (1)\\tests\\e2e\\app.test.ts",
      "duration": 605,
      "currentRetry": 0,
      "speed": "slow",
      "err": {}
    },
    {
      "title": "2. should display the RoadAssist OS header",
      "fullTitle": "End-to-End Test for the App (20 Test Cases) 2. should display the RoadAssist OS header",
      "file": "C:\\Users\\amirt\\Downloads\\roadassist-os (1)\\tests\\e2e\\app.test.ts",
      "duration": 12,
      "currentRetry": 0,
      "speed": "fast",
      "err": {}
    },
    {
      "title": "3. should contain the Login Module by default",
      "fullTitle": "End-to-End Test for the App (20 Test Cases) 3. should contain the Login Module by default",
      "file": "C:\\Users\\amirt\\Downloads\\roadassist-os (1)\\tests\\e2e\\app.test.ts",
      "duration": 8,
      "currentRetry": 0,
      "speed": "fast",
      "err": {}
    },
    {
      "title": "4. should have an input for Email",
      "fullTitle": "End-to-End Test for the App (20 Test Cases) 4. should have an input for Email",
      "file": "C:\\Users\\amirt\\Downloads\\roadassist-os (1)\\tests\\e2e\\app.test.ts",
      "duration": 9,
      "currentRetry": 0,
      "speed": "fast",
      "err": {}
    },
    {
      "title": "5. should have an input for Password",
      "fullTitle": "End-to-End Test for the App (20 Test Cases) 5. should have an input for Password",
      "file": "C:\\Users\\amirt\\Downloads\\roadassist-os (1)\\tests\\e2e\\app.test.ts",
      "duration": 8,
      "currentRetry": 0,
      "speed": "fast",
      "err": {}
    },
    {
      "title": "6. should have Role selection buttons",
      "fullTitle": "End-to-End Test for the App (20 Test Cases) 6. should have Role selection buttons",
      "file": "C:\\Users\\amirt\\Downloads\\roadassist-os (1)\\tests\\e2e\\app.test.ts",
      "duration": 9,
      "currentRetry": 0,
      "speed": "fast",
      "err": {}
    },
    {
      "title": "7. should have an Secure Authenticate login button",
      "fullTitle": "End-to-End Test for the App (20 Test Cases) 7. should have an Secure Authenticate login button",
      "file": "C:\\Users\\amirt\\Downloads\\roadassist-os (1)\\tests\\e2e\\app.test.ts",
      "duration": 7,
      "currentRetry": 0,
      "speed": "fast",
      "err": {}
    },
    {
      "title": "8. should have an About Research Project link in header",
      "fullTitle": "End-to-End Test for the App (20 Test Cases) 8. should have an About Research Project link in header",
      "file": "C:\\Users\\amirt\\Downloads\\roadassist-os (1)\\tests\\e2e\\app.test.ts",
      "duration": 11,
      "currentRetry": 0,
      "speed": "fast",
      "err": {}
    },
    {
      "title": "9. should login as a Customer successfully",
      "fullTitle": "End-to-End Test for the App (20 Test Cases) 9. should login as a Customer successfully",
      "file": "C:\\Users\\amirt\\Downloads\\roadassist-os (1)\\tests\\e2e\\app.test.ts",
      "duration": 482,
      "currentRetry": 0,
      "speed": "slow",
      "err": {}
    },
    {
      "title": "10. should display the active user name greeting",
      "fullTitle": "End-to-End Test for the App (20 Test Cases) 10. should display the active user name greeting",
      "file": "C:\\Users\\amirt\\Downloads\\roadassist-os (1)\\tests\\e2e\\app.test.ts",
      "duration": 11,
      "currentRetry": 0,
      "speed": "fast",
      "err": {}
    },
    {
      "title": "11. should display Average ETA metric",
      "fullTitle": "End-to-End Test for the App (20 Test Cases) 11. should display Average ETA metric",
      "file": "C:\\Users\\amirt\\Downloads\\roadassist-os (1)\\tests\\e2e\\app.test.ts",
      "duration": 9,
      "currentRetry": 0,
      "speed": "fast",
      "err": {}
    },
    {
      "title": "12. should display distress SOS trigger button",
      "fullTitle": "End-to-End Test for the App (20 Test Cases) 12. should display distress SOS trigger button",
      "file": "C:\\Users\\amirt\\Downloads\\roadassist-os (1)\\tests\\e2e\\app.test.ts",
      "duration": 10,
      "currentRetry": 0,
      "speed": "fast",
      "err": {}
    },
    {
      "title": "13. should logout and return to login screen",
      "fullTitle": "End-to-End Test for the App (20 Test Cases) 13. should logout and return to login screen",
      "file": "C:\\Users\\amirt\\Downloads\\roadassist-os (1)\\tests\\e2e\\app.test.ts",
      "duration": 95,
      "currentRetry": 0,
      "speed": "slow",
      "err": {}
    }
  ]
}